<?xml version="1.0" encoding="UTF-8"?>
<!-- Generated by org.testng.reporters.JUnitReportReporter -->
<testsuite hostname="ALURU8" name="com.smartquote.automation.SQ_SmartQuote_DealCreate" tests="2" failures="0" timestamp="6 Sep 2017 17:30:58 GMT" time="481.727" errors="0">
  <testcase name="sqExternalDealCreation" time="147.391" classname="com.smartquote.automation.SQ_SmartQuote_DealCreate"/>
  <testcase name="sqInternalDealCreation" time="334.336" classname="com.smartquote.automation.SQ_SmartQuote_DealCreate"/>
</testsuite> <!-- com.smartquote.automation.SQ_SmartQuote_DealCreate -->
